#
# A fatal error has been detected by the Java Runtime Environment:
#
#  SIGBUS (0x7) at pc=0x00007fa2b19e8ca5, pid=4283, tid=140336743413504
#
# JRE version: Java(TM) SE Runtime Environment (8.0_45-b14) (build 1.8.0_45-b14)
# Java VM: Java HotSpot(TM) 64-Bit Server VM (25.45-b02 mixed mode linux-amd64 compressed oops)
# Problematic frame:
# C  [ld-linux-x86-64.so.2+0xdca5]
#
# Failed to write core dump. Core dumps have been disabled. To enable core dumping, try "ulimit -c unlimited" before starting Java again
#
# If you would like to submit a bug report, please visit:
#   http://bugreport.java.com/bugreport/crash.jsp
# The crash happened outside the Java Virtual Machine in native code.
# See problematic frame for where to report the bug.
#

---------------  T H R E A D  ---------------

Current thread (0x00007fa2a800a000):  JavaThread "main" [_thread_in_native, id=4338, stack(0x00007fa2b1ad7000,0x00007fa2b1bd8000)]

siginfo: si_signo: 7 (SIGBUS), si_code: 2 (BUS_ADRERR), si_addr: 0x00007fa2981a3c88

Registers:
RAX=0x00007fa2a82e9cf0, RBX=0x00007fa2981a3c88, RCX=0x0000000000000002, RDX=0x00007fa2b1bd3ea0
RSP=0x00007fa2b1bd3ea0, RBP=0x00007fa2b1bd4010, RSI=0x00007fa2b1bd3fa8, RDI=0x00007fa2b1bfe990
R8 =0x0000000000000000, R9 =0x0000000070000021, R10=0x0000000000000031, R11=0x0000000000000246
R12=0x0000000000000000, R13=0x0000000000000000, R14=0x00007fa2a82e97f0, R15=0x00007fa29804ab60
RIP=0x00007fa2b19e8ca5, EFLAGS=0x0000000000010206, CSGSFS=0x0000000000000033, ERR=0x0000000000000004
  TRAPNO=0x000000000000000e

Top of Stack: (sp=0x00007fa2b1bd3ea0)
0x00007fa2b1bd3ea0:   0000000000000000 00007fa2a82e9cf0
0x00007fa2b1bd3eb0:   0000000000000000 0000081b000006a8
0x00007fa2b1bd3ec0:   00007fa2981a3c78 00007fa2b19e8d05
0x00007fa2b1bd3ed0:   0000095200000001 00007fa2a82e97f0
0x00007fa2b1bd3ee0:   00007fa2b1bd3ea0 0000000000000000
0x00007fa2b1bd3ef0:   00000000000006dd 00000000000000e8
0x00007fa2b1bd3f00:   0000088700000000 0000078200000717
0x00007fa2b1bd3f10:   00000000000006bc 00007fa2b1bd3ed0
0x00007fa2b1bd3f20:   0000000000000000 0000000000000000
0x00007fa2b1bd3f30:   000007c680000000 0000026f00000000
0x00007fa2b1bd3f40:   00007fa2a82e97f0 00007fa2b1bd3ed0
0x00007fa2b1bd3f50:   00007fa2b1bd3ed0 00007fa2b1bd3ea0
0x00007fa2b1bd3f60:   0000000200000000 00000000000008be
0x00007fa2b1bd3f70:   00007fa2b1bd3fb0 00007fa2b1bd3fa8
0x00007fa2b1bd3f80:   00007fa2b1bd3fa0 00007fa2b1bd3fb8
0x00007fa2b1bd3f90:   0000000000000134 00007fa29804ab08
0x00007fa2b1bd3fa0:   0000090900000700 0000000000000000
0x00007fa2b1bd3fb0:   0000000000000000 00007fa2a82e97f0
0x00007fa2b1bd3fc0:   8000000000000000 00007fa29804ab08
0x00007fa2b1bd3fd0:   00007fa29804ab60 00007fa2a82e9cf0
0x00007fa2b1bd3fe0:   0000000b00000002 0000000000000000
0x00007fa2b1bd3ff0:   00007fa2a82e9790 00007fa2b1bff1c8
0x00007fa2b1bd4000:   00007fa2b1bd4218 00007fa2a82e97f0
0x00007fa2b1bd4010:   00007fa2b1bd40a0 00007fa2b19efaab
0x00007fa2b1bd4020:   0000003000000000 00007fa2b1bd4130
0x00007fa2b1bd4030:   00007fa2b0f55630 00007fa2ad3b54a0
0x00007fa2b1bd4040:   00000000b1bd4090 00007fa2ad59c1a0
0x00007fa2b1bd4050:   0000000000000000 00007fa2ad59c1c0
0x00007fa2b1bd4060:   00007fa2b1bd4218 80000001a800a000
0x00007fa2b1bd4070:   00007fa2ad4363a8 0000000000000000
0x00007fa2b1bd4080:   0000000080000001 00007fa2a82e9790
0x00007fa2b1bd4090:   00007ffe79f1efd8 000000000000000c 

Instructions: (pc=0x00007fa2b19e8ca5)
0x00007fa2b19e8c85:   8d 38 ff ff ff eb 25 0f 1f 40 00 4d 85 ed 74 0c
0x00007fa2b19e8c95:   44 89 e2 41 83 c4 01 49 89 44 d5 00 48 83 c3 10
0x00007fa2b19e8ca5:   48 8b 03 48 85 c0 0f 84 e9 00 00 00 48 83 f8 01
0x00007fa2b19e8cb5:   0f 85 a7 06 00 00 4c 8b 7d 88 4c 03 7b 08 be 24 

Register to memory mapping:

RAX=0x00007fa2a82e9cf0 is an unknown value
RBX=